\BOOKMARK [1][-]{section.1}{Introduction}{}% 1
\BOOKMARK [2][-]{subsection.1.1}{Related work}{section.1}% 2
\BOOKMARK [2][-]{subsection.1.2}{Outline}{section.1}% 3
\BOOKMARK [1][-]{section.2}{Analysis of case-count data}{}% 4
\BOOKMARK [2][-]{subsection.2.1}{Imperfect testing}{section.2}% 5
\BOOKMARK [2][-]{subsection.2.2}{Regrettable rates}{section.2}% 6
\BOOKMARK [3][-]{subsubsection.2.2.1}{Estimation of effective reproduction number}{subsection.2.2}% 7
\BOOKMARK [2][-]{subsection.2.3}{Clinical trials}{section.2}% 8
\BOOKMARK [2][-]{subsection.2.4}{Cross-country comparisons}{section.2}% 9
\BOOKMARK [1][-]{section.3}{Testing strategies and population size: a tango}{}% 10
\BOOKMARK [2][-]{subsection.3.1}{US testing: a ration system}{section.3}% 11
\BOOKMARK [2][-]{subsection.3.2}{Estimation of Data Quality}{section.3}% 12
\BOOKMARK [2][-]{subsection.3.3}{Testing increase changes data quality}{section.3}% 13
\BOOKMARK [2][-]{subsection.3.4}{Stratified setting}{section.3}% 14
\BOOKMARK [1][-]{section.4}{Brief discussion of model-based approaches}{}% 15
\BOOKMARK [1][-]{section.5}{Stratified sampling: improving precision in low-prevalence environments}{}% 16
\BOOKMARK [1][-]{section.6}{Decision-making: data versus information.}{}% 17
\BOOKMARK [1][-]{section.7}{That which does not break us, makes us stronger \(but potentially not smarter\)}{}% 18
\BOOKMARK [1][-]{section.8}{Conclusion}{}% 19
\BOOKMARK [1][-]{appendix.A}{Imperfect testing: derivation}{}% 20
\BOOKMARK [2][-]{subsection.A.1}{Simple cases}{appendix.A}% 21
\BOOKMARK [2][-]{subsection.A.2}{Adjusted estimator}{appendix.A}% 22
\BOOKMARK [2][-]{subsection.A.3}{Estimate of observed data quality}{appendix.A}% 23
\BOOKMARK [2][-]{subsection.A.4}{Ratio estimator}{appendix.A}% 24
\BOOKMARK [1][-]{appendix.B}{Derivation for the effective sample size}{}% 25
\BOOKMARK [1][-]{appendix.C}{Quotes}{}% 26
